Arguments: 
  /Applications/Framer X.app/Contents/Resources/Node/bin/node /Applications/Framer X.app/Contents/Resources/Server/node_modules/yarn/lib/cli.js outdated --cwd /Users/arnabseth/Library/Autosave Information/Framer-93C60268-A89D-4C22-A05A-E6C57DAA88BB/container --skip-integrity-check --cache-folder /Users/arnabseth/Library/Caches/Framer/yarn/cache --mutex file:/Users/arnabseth/Library/Caches/Framer/yarn/mutex --json

PATH: 
  /usr/bin:/bin:/usr/sbin:/sbin

Yarn version: 
  1.9.4

Node version: 
  10.13.0

Platform: 
  darwin x64

Trace: 
  Error: https://registry.framer.com/@framer%2fehmorris.remote-image-images-via-url: ETIMEDOUT
      at Timeout._onTimeout (/Applications/Framer X.app/Contents/Resources/Server/node_modules/yarn/lib/cli.js:138128:19)
      at ontimeout (timers.js:436:11)
      at tryOnTimeout (timers.js:300:5)
      at listOnTimeout (timers.js:263:5)
      at Timer.processTimers (timers.js:223:10)

npm manifest: 
  {
  	"main": "dist/index.js",
  	"license": "MIT",
  	"devDependencies": {
  		"@framer/framer.device-skin-samsung-note-5-black": "^1.0.0",
  		"@framer/framer.device-skin-samsung-note-5-silver-titanium": "^1.0.0",
  		"@types/react": "^16.4.16",
  		"framer": "^0.10.4"
  	},
  	"peerDependencies": {
  		"framer": "^0.10.4",
  		"react": "^16.3.0",
  		"react-dom": "^16.3.0"
  	},
  	"framer": {
  		"id": "5c25d076-5992-40c1-b5a4-cbb52e7b87e4"
  	},
  	"author": "Arnab Seth",
  	"dependencies": {
  		"@framer/artem.ultimate-icon-pack": "^1.0.0",
  		"@framer/ehmorris.remote-image-images-via-url": "^1.3.0",
  		"@framer/graz.android-kit": "^1.1.0",
  		"@framer/lada.simple-avatars-wip": "^1.3.0",
  		"@framer/oemisch.iframe": "^1.6.0",
  		"@framer/tryjohnny.avataaars": "^1.1.0"
  	}
  }

yarn manifest: 
  No manifest

Lockfile: 
  # THIS IS AN AUTOGENERATED FILE. DO NOT EDIT THIS FILE DIRECTLY.
  # yarn lockfile v1
  
  
  "@framer/artem.ultimate-icon-pack@^1.0.0":
    version "1.0.0"
    resolved "https://registry.framer.com/@framer/artem.ultimate-icon-pack/-/@framer/artem.ultimate-icon-pack-1.0.0.tgz#4a3f92078bb1e0520901fbf35510c86e79ea3ed8"
    dependencies:
      react-icons "^3.1.0"
  
  "@framer/ehmorris.remote-image-images-via-url@^1.3.0":
    version "1.3.0"
    resolved "https://registry.framer.com/@framer/ehmorris.remote-image-images-via-url/-/@framer/ehmorris.remote-image-images-via-url-1.3.0.tgz#0f9eae7f9c14efe8733f002d7b30820b5fbf4e00"
  
  "@framer/framer.device-skin-samsung-note-5-black@^1.0.0":
    version "1.0.0"
    resolved "https://registry.framer.com/@framer/framer.device-skin-samsung-note-5-black/-/@framer/framer.device-skin-samsung-note-5-black-1.0.0.tgz#6bcc9cf925c37457a9f1e9ac61898adf5b1d987f"
  
  "@framer/framer.device-skin-samsung-note-5-silver-titanium@^1.0.0":
    version "1.0.0"
    resolved "https://registry.framer.com/@framer/framer.device-skin-samsung-note-5-silver-titanium/-/@framer/framer.device-skin-samsung-note-5-silver-titanium-1.0.0.tgz#88fb1149dba9c01fc9f27d2c223613ab59928710"
  
  "@framer/graz.android-kit@^1.1.0":
    version "1.1.0"
    resolved "https://registry.framer.com/@framer/graz.android-kit/-/@framer/graz.android-kit-1.1.0.tgz#2110fccba31c5f4f76b00b92479cee715f51965c"
  
  "@framer/lada.simple-avatars-wip@^1.3.0":
    version "1.3.0"
    resolved "https://registry.framer.com/@framer/lada.simple-avatars-wip/-/@framer/lada.simple-avatars-wip-1.3.0.tgz#be4bf318c58e80b143bf5ca44ca49cb7144b9c72"
    dependencies:
      color-diff "^1.1.0"
      color-hash "^1.0.3"
      tinycolor2 "^1.4.1"
  
  "@framer/oemisch.iframe@^1.6.0":
    version "1.6.0"
    resolved "https://registry.framer.com/@framer/oemisch.iframe/-/@framer/oemisch.iframe-1.6.0.tgz#0159379ee03c669a663cee1593f55c8b210ad271"
  
  "@framer/tryjohnny.avataaars@^1.0.0", "@framer/tryjohnny.avataaars@^1.1.0":
    version "1.1.0"
    resolved "https://registry.framer.com/@framer/tryjohnny.avataaars/-/@framer/tryjohnny.avataaars-1.1.0.tgz#3423ab0d62f551ad05e156a6a17359c489251a2d"
    dependencies:
      "@framer/tryjohnny.avataaars" "^1.0.0"
  
  "@types/prop-types@*":
    version "15.5.6"
    resolved "https://registry.yarnpkg.com/@types/prop-types/-/prop-types-15.5.6.tgz#9c03d3fed70a8d517c191b7734da2879b50ca26c"
  
  "@types/react@^16.4.16":
    version "16.4.16"
    resolved "https://registry.yarnpkg.com/@types/react/-/react-16.4.16.tgz#99f91b1200ae8c2062030402006d3b3c3a177043"
    dependencies:
      "@types/prop-types" "*"
      csstype "^2.2.0"
  
  color-diff@^1.1.0:
    version "1.1.0"
    resolved "https://registry.yarnpkg.com/color-diff/-/color-diff-1.1.0.tgz#983ae7f936679e94e365dfe44a16aa153bdae88e"
  
  color-hash@^1.0.3:
    version "1.0.3"
    resolved "https://registry.yarnpkg.com/color-hash/-/color-hash-1.0.3.tgz#c0e7952f06d022e548e65da239512bd67d3809ee"
  
  csstype@^2.2.0:
    version "2.5.5"
    resolved "https://registry.yarnpkg.com/csstype/-/csstype-2.5.5.tgz#4125484a3d42189a863943f23b9e4b80fedfa106"
  
  framer@^0.10.4:
    version "0.10.4"
    resolved "https://registry.yarnpkg.com/framer/-/framer-0.10.4.tgz#76cd396b68db0215966cea2d3de6aef9097ca688"
  
  react-icons@^3.1.0:
    version "3.3.0"
    resolved "https://registry.yarnpkg.com/react-icons/-/react-icons-3.3.0.tgz#09409cad23c39149e419af5c928eee6f9f456b93"
  
  tinycolor2@^1.4.1:
    version "1.4.1"
    resolved "https://registry.yarnpkg.com/tinycolor2/-/tinycolor2-1.4.1.tgz#f4fad333447bc0b07d4dc8e9209d8f39a8ac77e8"
